#
# There is insufficient memory for the Java Runtime Environment to continue.
# Native memory allocation (mmap) failed to map 67108864 bytes for Failed to commit area from 0x00000000c1400000 to 0x00000000c5400000 of length 67108864.
# Possible reasons:
#   The system is out of physical RAM or swap space
#   The process is running with CompressedOops enabled, and the Java Heap may be blocking the growth of the native heap
# Possible solutions:
#   Reduce memory load on the system
#   Increase physical memory or swap space
#   Check if swap backing store is full
#   Decrease Java heap size (-Xmx/-Xms)
#   Decrease number of Java threads
#   Decrease Java thread stack sizes (-Xss)
#   Set larger code cache with -XX:ReservedCodeCacheSize=
# This output file may be truncated or incomplete.
#
#  Out of Memory Error (t:/workspace/open/src/hotspot/os/windows/os_windows.cpp:3301), pid=12792, tid=4760
#
# JRE version:  (13.0.2+8) (build )
# Java VM: Java HotSpot(TM) 64-Bit Server VM (13.0.2+8, mixed mode, aot, sharing, tiered, compressed oops, g1 gc, windows-amd64)
# No core dump will be written. Minidumps are not enabled by default on client versions of Windows
#

---------------  S U M M A R Y ------------

Command Line: -Dfile.encoding=Cp1252 com.cg.obs.ui.ObsMain

Host: Intel(R) Core(TM) i3-5005U CPU @ 2.00GHz, 4 cores, 3G,  Windows 10 , 64 bit Build 17763 (10.0.17763.475)
Time: Wed Mar 11 23:54:32 2020 India Standard Time elapsed time: 0 seconds (0d 0h 0m 0s)

---------------  T H R E A D  ---------------

Current thread (0x00000148d3b7c800):  JavaThread "Unknown thread" [_thread_in_vm, id=4760, stack(0x0000003ec7600000,0x0000003ec7700000)]

Stack: [0x0000003ec7600000,0x0000003ec7700000]
Native frames: (J=compiled Java code, j=interpreted, Vv=VM code, C=native code)
V  [jvm.dll+0x624f9a]
V  [jvm.dll+0x770cfa]
V  [jvm.dll+0x7724af]
V  [jvm.dll+0x772ab3]
V  [jvm.dll+0x24bf08]
V  [jvm.dll+0x6222aa]
V  [jvm.dll+0x6170b5]
V  [jvm.dll+0x30a88c]
V  [jvm.dll+0x30a6c2]
V  [jvm.dll+0x30fe36]
V  [jvm.dll+0x353f46]
V  [jvm.dll+0x353720]
V  [jvm.dll+0x2e550a]
V  [jvm.dll+0x2e67a2]
V  [jvm.dll+0x74dd78]
V  [jvm.dll+0x361989]
V  [jvm.dll+0x730e65]
V  [jvm.dll+0x3cc53f]
V  [jvm.dll+0x3ce861]
C  [jli.dll+0x51ff]
C  [ucrtbase.dll+0x21ffa]
C  [KERNEL32.DLL+0x17974]
C  [ntdll.dll+0x6a261]


---------------  P R O C E S S  ---------------

Threads class SMR info:
_java_thread_list=0x00007ff97145ccb8, length=0, elements={
}

Java Threads: ( => current thread )

Other Threads:
  0x00000148d3bad000 GCTaskThread "GC Thread#0" [stack: 0x0000003ec7700000,0x0000003ec7800000] [id=11392]
  0x00000148d3bb7000 ConcurrentGCThread "G1 Main Marker" [stack: 0x0000003ec7800000,0x0000003ec7900000] [id=3040]
  0x00000148d3bb9800 ConcurrentGCThread "G1 Conc#0" [stack: 0x0000003ec7900000,0x0000003ec7a00000] [id=11548]

[error occurred during error reporting (printing all threads), id 0xc0000005, EXCEPTION_ACCESS_VIOLATION (0xc0000005) at pc=0x00007ff970c951d7]

VM state:not at safepoint (not fully initialized)

VM Mutex/Monitor currently owned by a thread:  ([mutex/lock_event])
[0x00000148d3b787e0] Heap_lock - owner thread: 0x00000148d3b7c800

Heap address: 0x00000000c1400000, size: 1004 MB, Compressed Oops mode: Non-zero based: 0x00000000c1400000
Narrow klass base: 0x0000000000000000, Narrow klass shift: 0

GC Heap History (0 events):
No events

Deoptimization events (0 events):
No events

Classes unloaded (0 events):
No events

Classes redefined (0 events):
No events

Internal exceptions (0 events):
No events

Events (8 events):
Event: 0.011 Loaded shared library E:\java\bin\zip.dll
Event: 0.012 Loaded shared library E:\java\bin\jimage.dll
Event: 0.013 Loading shared library E:\java\lib\libjava.base-coop.dll failed, error code 126
Event: 0.013 Loading shared library E:\java\lib\libjava.logging-coop.dll failed, error code 126
Event: 0.013 Loading shared library E:\java\lib\libjdk.compiler-coop.dll failed, error code 126
Event: 0.013 Loading shared library E:\java\lib\libjdk.scripting.nashorn-coop.dll failed, error code 126
Event: 0.013 Loading shared library E:\java\lib\libjdk.internal.vm.ci-coop.dll failed, error code 126
Event: 0.013 Loading shared library E:\java\lib\libjdk.internal.vm.compiler-coop.dll failed, error code 126


Dynamic libraries:
0x00007ff67bff0000 - 0x00007ff67bfff000 	E:\java\bin\javaw.exe
0x00007ff9b3050000 - 0x00007ff9b323d000 	C:\WINDOWS\SYSTEM32\ntdll.dll
0x00007ff9b2a50000 - 0x00007ff9b2b03000 	C:\WINDOWS\System32\KERNEL32.DLL
0x00007ff9aff30000 - 0x00007ff9b01c3000 	C:\WINDOWS\System32\KERNELBASE.dll
0x00007ff9af860000 - 0x00007ff9af95a000 	C:\WINDOWS\System32\ucrtbase.dll
0x00007ff979020000 - 0x00007ff979035000 	E:\java\bin\VCRUNTIME140.dll
0x00007ff96eb00000 - 0x00007ff96eb18000 	E:\java\bin\jli.dll
0x00007ff9b2e60000 - 0x00007ff9b2f03000 	C:\WINDOWS\System32\ADVAPI32.dll
0x00007ff9b1f60000 - 0x00007ff9b1ffe000 	C:\WINDOWS\System32\msvcrt.dll
0x00007ff9b2470000 - 0x00007ff9b250e000 	C:\WINDOWS\System32\sechost.dll
0x00007ff9b2340000 - 0x00007ff9b2462000 	C:\WINDOWS\System32\RPCRT4.dll
0x00007ff9b2070000 - 0x00007ff9b2207000 	C:\WINDOWS\System32\USER32.dll
0x00007ff99bef0000 - 0x00007ff99c169000 	C:\WINDOWS\WinSxS\amd64_microsoft.windows.common-controls_6595b64144ccf1df_6.0.17763.1039_none_de701650534c7021\COMCTL32.dll
0x00007ff9af960000 - 0x00007ff9af980000 	C:\WINDOWS\System32\win32u.dll
0x00007ff9b1c30000 - 0x00007ff9b1f5c000 	C:\WINDOWS\System32\combase.dll
0x00007ff9b19b0000 - 0x00007ff9b19d9000 	C:\WINDOWS\System32\GDI32.dll
0x00007ff9af980000 - 0x00007ff9afb19000 	C:\WINDOWS\System32\gdi32full.dll
0x00007ff9afdb0000 - 0x00007ff9afe2e000 	C:\WINDOWS\System32\bcryptPrimitives.dll
0x00007ff9b01d0000 - 0x00007ff9b0270000 	C:\WINDOWS\System32\msvcp_win.dll
0x00007ff99ed60000 - 0x00007ff99ed6a000 	C:\WINDOWS\SYSTEM32\VERSION.dll
0x00007ff9b1980000 - 0x00007ff9b19ae000 	C:\WINDOWS\System32\IMM32.DLL
0x00007ff96b9a0000 - 0x00007ff96ba3b000 	E:\java\bin\msvcp140.dll
0x00007ff9709a0000 - 0x00007ff9714fd000 	E:\java\bin\server\jvm.dll
0x00007ff9b2f90000 - 0x00007ff9b2f98000 	C:\WINDOWS\System32\PSAPI.DLL
0x00007ff9a5230000 - 0x00007ff9a5239000 	C:\WINDOWS\SYSTEM32\WSOCK32.dll
0x00007ff9ac920000 - 0x00007ff9ac944000 	C:\WINDOWS\SYSTEM32\WINMM.dll
0x00007ff9b2000000 - 0x00007ff9b206d000 	C:\WINDOWS\System32\WS2_32.dll
0x00007ff9ac8f0000 - 0x00007ff9ac91d000 	C:\WINDOWS\SYSTEM32\winmmbase.dll
0x00007ff9afee0000 - 0x00007ff9aff2a000 	C:\WINDOWS\System32\cfgmgr32.dll
0x00007ff9af0f0000 - 0x00007ff9af101000 	C:\WINDOWS\System32\kernel.appcore.dll
0x00007ff99f5c0000 - 0x00007ff99f5d0000 	E:\java\bin\verify.dll
0x00007ff99e6a0000 - 0x00007ff99e88d000 	C:\WINDOWS\SYSTEM32\DBGHELP.DLL
0x00007ff99d420000 - 0x00007ff99d44a000 	C:\WINDOWS\SYSTEM32\dbgcore.DLL
0x00007ff9868c0000 - 0x00007ff9868e6000 	E:\java\bin\java.dll
0x00007ff987780000 - 0x00007ff987797000 	E:\java\bin\zip.dll
0x00007ff998ca0000 - 0x00007ff998caa000 	E:\java\bin\jimage.dll

dbghelp: loaded successfully - version: 4.0.5 - missing functions: none
symbol engine: initialized successfully - sym options: 0x614 - pdb path: .;E:\java\bin;C:\WINDOWS\SYSTEM32;C:\WINDOWS\WinSxS\amd64_microsoft.windows.common-controls_6595b64144ccf1df_6.0.17763.1039_none_de701650534c7021;E:\java\bin\server

VM Arguments:
jvm_args: -Dfile.encoding=Cp1252 
java_command: com.cg.obs.ui.ObsMain
java_class_path (initial): E:\New folder\Online Banking System\Online banking(NinthUpdate)\bin
Launcher Type: SUN_STANDARD

[Global flags]
     intx CICompilerCount                          = 3                                         {product} {ergonomic}
     uint ConcGCThreads                            = 1                                         {product} {ergonomic}
     uint G1ConcRefinementThreads                  = 4                                         {product} {ergonomic}
   size_t G1HeapRegionSize                         = 1048576                                   {product} {ergonomic}
    uintx GCDrainStackTargetSize                   = 64                                        {product} {ergonomic}
   size_t InitialHeapSize                          = 67108864                                  {product} {ergonomic}
   size_t MarkStackSize                            = 4194304                                   {product} {ergonomic}
   size_t MaxHeapSize                              = 1052770304                                {product} {ergonomic}
   size_t MinHeapDeltaBytes                        = 1048576                                   {product} {ergonomic}
   size_t MinHeapSize                              = 8388608                                   {product} {ergonomic}
    uintx NonNMethodCodeHeapSize                   = 5832780                                {pd product} {ergonomic}
    uintx NonProfiledCodeHeapSize                  = 122912730                              {pd product} {ergonomic}
    uintx ProfiledCodeHeapSize                     = 122912730                              {pd product} {ergonomic}
    uintx ReservedCodeCacheSize                    = 251658240                              {pd product} {ergonomic}
     bool SegmentedCodeCache                       = true                                      {product} {ergonomic}
   size_t SoftMaxHeapSize                          = 1052770304                             {manageable} {ergonomic}
     bool UseCompressedClassPointers               = true                                 {lp64_product} {ergonomic}
     bool UseCompressedOops                        = true                                 {lp64_product} {ergonomic}
     bool UseG1GC                                  = true                                      {product} {ergonomic}
     bool UseLargePagesIndividualAllocation        = false                                  {pd product} {ergonomic}

Logging:
Log output configuration:
 #0: stdout all=warning uptime,level,tags
 #1: stderr all=off uptime,level,tags

Environment Variables:
PATH=E:/java/bin/server;E:/java/bin;C:\Python27\;C:\Python27\Scripts;C:\Program Files\Broadcom\Broadcom 802.11 Network Adapter;C:\Program Files (x86)\NVIDIA Corporation\PhysX\Common;C:\WINDOWS\system32;C:\WINDOWS;C:\WINDOWS\System32\Wbem;C:\WINDOWS\System32\WindowsPowerShell\v1.0\;C:\Program Files\PuTTY\;C:\Program Files\Git\cmd;C:\Users\you\AppData\Local\Programs\Python\Python35-32\Scripts;C:\Users\you\AppData\Local\Programs\Python\Python35-32;C:\WINDOWS\System32\OpenSSH\;C:\Program Files\nodejs\node_modules\npm\bin;C:\ProgramData\chocolatey\bin;E:\java\bin;C:\Users\you\AppData\Local\Programs\Python\Python37\Scripts\;C:\Users\you\AppData\Local\Programs\Python\Python37\;C:\Users\you\Documents\Java\jdk1.8.0_151\bin;C:\Users\you\AppData\Local\Microsoft\WindowsApps;C:\Users\you\AppData\Local\Programs\Microsoft VS Code\bin;C:\Program Files\nodejs;C:\Program Files\nodejs\node_modules\npm\bin;;C:\Users\you\Desktop;
USERNAME=you
OS=Windows_NT
PROCESSOR_IDENTIFIER=Intel64 Family 6 Model 61 Stepping 4, GenuineIntel



---------------  S Y S T E M  ---------------

OS: Windows 10 , 64 bit Build 17763 (10.0.17763.475)

CPU:total 4 (initial active 4) (2 cores per cpu, 2 threads per core) family 6 model 61 stepping 4, cmov, cx8, fxsr, mmx, sse, sse2, sse3, ssse3, sse4.1, sse4.2, popcnt, avx, avx2, aes, clmul, erms, 3dnowpref, lzcnt, ht, tsc, tscinvbit, bmi1, bmi2, adx, fma

Memory: 4k page, system-wide physical 4011M (730M free)
TotalPageFile size 6899M (AvailPageFile size 45M)
current process WorkingSet (physical memory assigned to process): 9M, peak: 9M
current process commit charge ("private bytes"): 51M, peak: 115M

vm_info: Java HotSpot(TM) 64-Bit Server VM (13.0.2+8) for windows-amd64 JRE (13.0.2+8), built on Dec 11 2019 09:20:33 by "mach5one" with unknown MS VC++:1916

END.
