#
# There is insufficient memory for the Java Runtime Environment to continue.
# Native memory allocation (malloc) failed to allocate 1048576 bytes for AllocateHeap
# Possible reasons:
#   The system is out of physical RAM or swap space
#   The process is running with CompressedOops enabled, and the Java Heap may be blocking the growth of the native heap
# Possible solutions:
#   Reduce memory load on the system
#   Increase physical memory or swap space
#   Check if swap backing store is full
#   Decrease Java heap size (-Xmx/-Xms)
#   Decrease number of Java threads
#   Decrease Java thread stack sizes (-Xss)
#   Set larger code cache with -XX:ReservedCodeCacheSize=
# This output file may be truncated or incomplete.
#
#  Out of Memory Error (t:/workspace/open/src/hotspot/share/memory/allocation.cpp:45), pid=8532, tid=6612
#
# JRE version:  (13.0.2+8) (build )
# Java VM: Java HotSpot(TM) 64-Bit Server VM (13.0.2+8, mixed mode, aot, sharing, tiered, compressed oops, g1 gc, windows-amd64)
# No core dump will be written. Minidumps are not enabled by default on client versions of Windows
#

---------------  S U M M A R Y ------------

Command Line: -Dfile.encoding=Cp1252 com.cg.obs.ui.ObsMain

Host: Intel(R) Core(TM) i3-5005U CPU @ 2.00GHz, 4 cores, 3G,  Windows 10 , 64 bit Build 17763 (10.0.17763.475)
Time: Sat Mar  7 22:21:46 2020 India Standard Time elapsed time: 0 seconds (0d 0h 0m 0s)

---------------  T H R E A D  ---------------

Current thread (0x00000286b33aa800):  JavaThread "Unknown thread" [_thread_in_vm, id=6612, stack(0x0000008980700000,0x0000008980800000)]

Stack: [0x0000008980700000,0x0000008980800000]
Native frames: (J=compiled Java code, j=interpreted, Vv=VM code, C=native code)
V  [jvm.dll+0x624f9a]
V  [jvm.dll+0x770cfa]
V  [jvm.dll+0x7724af]
V  [jvm.dll+0x772ab3]
V  [jvm.dll+0x24bf08]
V  [jvm.dll+0xb8d8f]
V  [jvm.dll+0x2ed783]
V  [jvm.dll+0x2e6765]
V  [jvm.dll+0x74dd78]
V  [jvm.dll+0x361989]
V  [jvm.dll+0x730e65]
V  [jvm.dll+0x3cc53f]
V  [jvm.dll+0x3ce861]
C  [jli.dll+0x51ff]
C  [ucrtbase.dll+0x21ffa]
C  [KERNEL32.DLL+0x17974]
C  [ntdll.dll+0x6a261]


---------------  P R O C E S S  ---------------

Threads class SMR info:
_java_thread_list=0x00007fff9983ccb8, length=0, elements={
}

Java Threads: ( => current thread )

Other Threads:
  0x00000286b33dd000 GCTaskThread "GC Thread#0" [stack: 0x0000008980800000,0x0000008980900000] [id=932]

[error occurred during error reporting (printing all threads), id 0xc0000005, EXCEPTION_ACCESS_VIOLATION (0xc0000005) at pc=0x00007fff99072260]

VM state:not at safepoint (not fully initialized)

VM Mutex/Monitor currently owned by a thread:  ([mutex/lock_event])
[0x00000286b33a8160] Heap_lock - owner thread: 0x00000286b33aa800

Heap address: 0x00000000c1400000, size: 1004 MB, Compressed Oops mode: Non-zero based: 0x00000000c1400000
Narrow klass base: 0x0000000000000000, Narrow klass shift: 0

GC Heap History (0 events):
No events

Deoptimization events (0 events):
No events

Classes unloaded (0 events):
No events

Classes redefined (0 events):
No events

Internal exceptions (0 events):
No events

Events (8 events):
Event: 0.009 Loaded shared library E:\java\bin\zip.dll
Event: 0.009 Loaded shared library E:\java\bin\jimage.dll
Event: 0.011 Loading shared library E:\java\lib\libjava.base-coop.dll failed, error code 126
Event: 0.011 Loading shared library E:\java\lib\libjava.logging-coop.dll failed, error code 126
Event: 0.011 Loading shared library E:\java\lib\libjdk.compiler-coop.dll failed, error code 126
Event: 0.011 Loading shared library E:\java\lib\libjdk.scripting.nashorn-coop.dll failed, error code 126
Event: 0.011 Loading shared library E:\java\lib\libjdk.internal.vm.ci-coop.dll failed, error code 126
Event: 0.011 Loading shared library E:\java\lib\libjdk.internal.vm.compiler-coop.dll failed, error code 126


Dynamic libraries:
0x00007ff663450000 - 0x00007ff66345f000 	E:\java\bin\javaw.exe
0x00007fffdb9c0000 - 0x00007fffdbbad000 	C:\WINDOWS\SYSTEM32\ntdll.dll
0x00007fffdaf40000 - 0x00007fffdaff3000 	C:\WINDOWS\System32\KERNEL32.DLL
0x00007fffd8510000 - 0x00007fffd87a3000 	C:\WINDOWS\System32\KERNELBASE.dll
0x00007fffd87b0000 - 0x00007fffd88aa000 	C:\WINDOWS\System32\ucrtbase.dll
0x00007fffcd7a0000 - 0x00007fffcd7b8000 	E:\java\bin\jli.dll
0x00007fffc2750000 - 0x00007fffc2765000 	E:\java\bin\VCRUNTIME140.dll
0x00007fffd8fd0000 - 0x00007fffd9073000 	C:\WINDOWS\System32\ADVAPI32.dll
0x00007fffd90b0000 - 0x00007fffd914e000 	C:\WINDOWS\System32\msvcrt.dll
0x00007fffd8db0000 - 0x00007fffd8e4e000 	C:\WINDOWS\System32\sechost.dll
0x00007fffdb860000 - 0x00007fffdb982000 	C:\WINDOWS\System32\RPCRT4.dll
0x00007fffdada0000 - 0x00007fffdaf37000 	C:\WINDOWS\System32\USER32.dll
0x00007fffd8b20000 - 0x00007fffd8b40000 	C:\WINDOWS\System32\win32u.dll
0x00007fffdb060000 - 0x00007fffdb089000 	C:\WINDOWS\System32\GDI32.dll
0x00007fffd8980000 - 0x00007fffd8b19000 	C:\WINDOWS\System32\gdi32full.dll
0x00007fffc9ca0000 - 0x00007fffc9f19000 	C:\WINDOWS\WinSxS\amd64_microsoft.windows.common-controls_6595b64144ccf1df_6.0.17763.1039_none_de701650534c7021\COMCTL32.dll
0x00007fffd8b40000 - 0x00007fffd8be0000 	C:\WINDOWS\System32\msvcp_win.dll
0x00007fffda650000 - 0x00007fffda97c000 	C:\WINDOWS\System32\combase.dll
0x00007fffd7a80000 - 0x00007fffd7afe000 	C:\WINDOWS\System32\bcryptPrimitives.dll
0x00007fffc5440000 - 0x00007fffc544a000 	C:\WINDOWS\SYSTEM32\VERSION.dll
0x00007fffd9080000 - 0x00007fffd90ae000 	C:\WINDOWS\System32\IMM32.DLL
0x00007fffad160000 - 0x00007fffad1fb000 	E:\java\bin\msvcp140.dll
0x00007fff98d80000 - 0x00007fff998dd000 	E:\java\bin\server\jvm.dll
0x00007fffdb250000 - 0x00007fffdb258000 	C:\WINDOWS\System32\PSAPI.DLL
0x00007fffd5110000 - 0x00007fffd5134000 	C:\WINDOWS\SYSTEM32\WINMM.dll
0x00007fffd3870000 - 0x00007fffd3879000 	C:\WINDOWS\SYSTEM32\WSOCK32.dll
0x00007fffdac40000 - 0x00007fffdacad000 	C:\WINDOWS\System32\WS2_32.dll
0x00007fffd50e0000 - 0x00007fffd510d000 	C:\WINDOWS\SYSTEM32\WINMMBASE.dll
0x00007fffd7b00000 - 0x00007fffd7b4a000 	C:\WINDOWS\System32\cfgmgr32.dll
0x00007fffd79d0000 - 0x00007fffd79e1000 	C:\WINDOWS\System32\kernel.appcore.dll
0x00007fffd2f80000 - 0x00007fffd2f90000 	E:\java\bin\verify.dll
0x00007fffc3230000 - 0x00007fffc341d000 	C:\WINDOWS\SYSTEM32\DBGHELP.DLL
0x00007fffc3970000 - 0x00007fffc399a000 	C:\WINDOWS\SYSTEM32\dbgcore.DLL
0x00007fffcac00000 - 0x00007fffcac26000 	E:\java\bin\java.dll
0x00007fffcabe0000 - 0x00007fffcabf7000 	E:\java\bin\zip.dll
0x00007fffd2f70000 - 0x00007fffd2f7a000 	E:\java\bin\jimage.dll

dbghelp: loaded successfully - version: 4.0.5 - missing functions: none
symbol engine: initialized successfully - sym options: 0x614 - pdb path: .;E:\java\bin;C:\WINDOWS\SYSTEM32;C:\WINDOWS\WinSxS\amd64_microsoft.windows.common-controls_6595b64144ccf1df_6.0.17763.1039_none_de701650534c7021;E:\java\bin\server

VM Arguments:
jvm_args: -Dfile.encoding=Cp1252 
java_command: com.cg.obs.ui.ObsMain
java_class_path (initial): E:\New folder\Online Banking System\Online banking(FifthUpdate)\bin
Launcher Type: SUN_STANDARD

[Global flags]
     intx CICompilerCount                          = 3                                         {product} {ergonomic}
     uint ConcGCThreads                            = 1                                         {product} {ergonomic}
     uint G1ConcRefinementThreads                  = 4                                         {product} {ergonomic}
   size_t G1HeapRegionSize                         = 1048576                                   {product} {ergonomic}
    uintx GCDrainStackTargetSize                   = 64                                        {product} {ergonomic}
   size_t InitialHeapSize                          = 67108864                                  {product} {ergonomic}
   size_t MarkStackSize                            = 4194304                                   {product} {ergonomic}
   size_t MaxHeapSize                              = 1052770304                                {product} {ergonomic}
   size_t MinHeapDeltaBytes                        = 1048576                                   {product} {ergonomic}
   size_t MinHeapSize                              = 8388608                                   {product} {ergonomic}
    uintx NonNMethodCodeHeapSize                   = 5832780                                {pd product} {ergonomic}
    uintx NonProfiledCodeHeapSize                  = 122912730                              {pd product} {ergonomic}
    uintx ProfiledCodeHeapSize                     = 122912730                              {pd product} {ergonomic}
    uintx ReservedCodeCacheSize                    = 251658240                              {pd product} {ergonomic}
     bool SegmentedCodeCache                       = true                                      {product} {ergonomic}
   size_t SoftMaxHeapSize                          = 1052770304                             {manageable} {ergonomic}
     bool UseCompressedClassPointers               = true                                 {lp64_product} {ergonomic}
     bool UseCompressedOops                        = true                                 {lp64_product} {ergonomic}
     bool UseG1GC                                  = true                                      {product} {ergonomic}
     bool UseLargePagesIndividualAllocation        = false                                  {pd product} {ergonomic}

Logging:
Log output configuration:
 #0: stdout all=warning uptime,level,tags
 #1: stderr all=off uptime,level,tags

Environment Variables:
PATH=E:/java/bin/server;E:/java/bin;C:\Python27\;C:\Python27\Scripts;C:\Program Files\Broadcom\Broadcom 802.11 Network Adapter;C:\Program Files (x86)\NVIDIA Corporation\PhysX\Common;C:\WINDOWS\system32;C:\WINDOWS;C:\WINDOWS\System32\Wbem;C:\WINDOWS\System32\WindowsPowerShell\v1.0\;C:\Program Files\PuTTY\;C:\Program Files\Git\cmd;C:\Users\you\AppData\Local\Programs\Python\Python35-32\Scripts;C:\Users\you\AppData\Local\Programs\Python\Python35-32;C:\WINDOWS\System32\OpenSSH\;C:\Program Files\nodejs\node_modules\npm\bin;C:\ProgramData\chocolatey\bin;E:\java\bin;C:\Users\you\AppData\Local\Programs\Python\Python37\Scripts\;C:\Users\you\AppData\Local\Programs\Python\Python37\;C:\Users\you\Documents\Java\jdk1.8.0_151\bin;C:\Users\you\AppData\Local\Microsoft\WindowsApps;C:\Users\you\AppData\Local\Programs\Microsoft VS Code\bin;C:\Program Files\nodejs;C:\Program Files\nodejs\node_modules\npm\bin;;C:\Users\you\Desktop;
USERNAME=you
OS=Windows_NT
PROCESSOR_IDENTIFIER=Intel64 Family 6 Model 61 Stepping 4, GenuineIntel



---------------  S Y S T E M  ---------------

OS: Windows 10 , 64 bit Build 17763 (10.0.17763.475)

CPU:total 4 (initial active 4) (2 cores per cpu, 2 threads per core) family 6 model 61 stepping 4, cmov, cx8, fxsr, mmx, sse, sse2, sse3, ssse3, sse4.1, sse4.2, popcnt, avx, avx2, aes, clmul, erms, 3dnowpref, lzcnt, ht, tsc, tscinvbit, bmi1, bmi2, adx, fma

Memory: 4k page, system-wide physical 4011M (882M free)
TotalPageFile size 7675M (AvailPageFile size 5M)
current process WorkingSet (physical memory assigned to process): 9M, peak: 9M
current process commit charge ("private bytes"): 49M, peak: 50M

vm_info: Java HotSpot(TM) 64-Bit Server VM (13.0.2+8) for windows-amd64 JRE (13.0.2+8), built on Dec 11 2019 09:20:33 by "mach5one" with unknown MS VC++:1916

END.
